<?xml version="1.0" encoding="UTF-8"?>
<testng-results ignored="0" total="1" passed="1" failed="0" skipped="0">
  <reporter-output>
    <line>
      <![CDATA[display]]>
    </line>
  </reporter-output>
  <suite started-at="2023-09-05T22:21:38 IST" name="Default suite" finished-at="2023-09-05T22:21:38 IST" duration-ms="42">
    <groups>
    </groups>
    <test started-at="2023-09-05T22:21:38 IST" name="Default test" finished-at="2023-09-05T22:21:38 IST" duration-ms="42">
      <class name="devopsvthmaduri.Test4">
        <test-method signature="method2()[pri:0, instance:devopsvthmaduri.Test4@6d4d66d2]" started-at="2023-09-05T22:21:38 IST" name="method2" finished-at="2023-09-05T22:21:38 IST" duration-ms="6" status="PASS">
          <reporter-output>
            <line>
              <![CDATA[display]]>
            </line>
          </reporter-output>
        </test-method> <!-- method2 -->
      </class> <!-- devopsvthmaduri.Test4 -->
    </test> <!-- Default test -->
  </suite> <!-- Default suite -->
</testng-results>
