<?xml version="1.0" encoding="UTF-8"?>
<testng-results ignored="0" total="2" passed="2" failed="0" skipped="0">
  <reporter-output>
    <line>
      <![CDATA[edge]]>
    </line>
    <line>
      <![CDATA[firefox]]>
    </line>
  </reporter-output>
  <suite started-at="2023-08-28T19:56:19 IST" name="Suite" finished-at="2023-08-28T19:56:31 IST" duration-ms="11782">
    <groups>
    </groups>
    <test started-at="2023-08-28T19:56:19 IST" name="Test" finished-at="2023-08-28T19:56:31 IST" duration-ms="11782">
      <class name="devopsvthmaduri.Test3">
        <test-method signature="method3()[pri:0, instance:devopsvthmaduri.Test3@76b1e9b8]" started-at="2023-08-28T19:56:25 IST" name="method3" finished-at="2023-08-28T19:56:31 IST" duration-ms="6239" status="PASS">
          <reporter-output>
            <line>
              <![CDATA[firefox]]>
            </line>
          </reporter-output>
        </test-method> <!-- method3 -->
      </class> <!-- devopsvthmaduri.Test3 -->
      <class name="devopsvthmaduri.Test1">
        <test-method signature="method1()[pri:0, instance:devopsvthmaduri.Test1@11392934]" started-at="2023-08-28T19:56:19 IST" name="method1" finished-at="2023-08-28T19:56:25 IST" duration-ms="5505" status="PASS">
          <reporter-output>
            <line>
              <![CDATA[edge]]>
            </line>
          </reporter-output>
        </test-method> <!-- method1 -->
      </class> <!-- devopsvthmaduri.Test1 -->
    </test> <!-- Test -->
  </suite> <!-- Suite -->
</testng-results>
